<?xml version="1.0" encoding="UTF-8"?>
<testsuite name="com.kardinal.vpncontrol.desktop.DesktopAutostartManagerTest" tests="3" skipped="0" failures="0" errors="0" timestamp="2026-04-25T13:32:03.562Z" hostname="archlinux" time="0.002">
  <properties/>
  <testcase name="setEnabledCreatesAndRemovesXdgAutostartEntry" classname="com.kardinal.vpncontrol.desktop.DesktopAutostartManagerTest" time="0.001"/>
  <testcase name="disabledHiddenEntryIsReportedAsDisabled" classname="com.kardinal.vpncontrol.desktop.DesktopAutostartManagerTest" time="0.0"/>
  <testcase name="setEnabledWritesAndDeletesWindowsRunRegistryEntry" classname="com.kardinal.vpncontrol.desktop.DesktopAutostartManagerTest" time="0.0"/>
  <system-out><![CDATA[]]></system-out>
  <system-err><![CDATA[]]></system-err>
</testsuite>
