<?xml version="1.0" encoding="UTF-8"?>
<testsuite name="com.kardinal.vpncontrol.desktop.DesktopAutoRefreshSchedulerTest" tests="3" skipped="0" failures="0" errors="0" timestamp="2026-04-25T13:32:03.558Z" hostname="archlinux" time="0.004">
  <properties/>
  <testcase name="customPolicySchedulesRefreshForSupportedHttpsSubscriptions" classname="com.kardinal.vpncontrol.desktop.DesktopAutoRefreshSchedulerTest" time="0.002"/>
  <testcase name="syncCancelsOldScheduleAndRespectsLaterPolicyChanges" classname="com.kardinal.vpncontrol.desktop.DesktopAutoRefreshSchedulerTest" time="0.001"/>
  <testcase name="offPolicyDoesNotScheduleRefresh" classname="com.kardinal.vpncontrol.desktop.DesktopAutoRefreshSchedulerTest" time="0.001"/>
  <system-out><![CDATA[]]></system-out>
  <system-err><![CDATA[]]></system-err>
</testsuite>
